Exception in thread "main" Exception in thread "main" Exception in thread "main" java.lang.NoClassDefFoundError: com.seleniumsoftware.SMPPSim.SMPPSim
   at gnu.java.lang.MainThread.run(libgcj.so.7rh)
Caused by: java.lang.ClassNotFoundException: com.seleniumsoftware.SMPPSim.SMPPSim not found in gnu.gcj.runtime.SystemClassLoader{urls=[file:./], parent=gnu.gcj.runtime.ExtensionClassLoader{urls=[], parent=null}}
   at java.net.URLClassLoader.findClass(libgcj.so.7rh)
   at gnu.gcj.runtime.SystemClassLoader.findClass(libgcj.so.7rh)
   at java.lang.ClassLoader.loadClass(libgcj.so.7rh)
   at java.lang.ClassLoader.loadClass(libgcj.so.7rh)
   at gnu.java.lang.MainThread.run(libgcj.so.7rh)
java.lang.NoClassDefFoundError: com.seleniumsoftware.SMPPSim.SMPPSim
   at gnu.java.lang.MainThread.run(libgcj.so.7rh)
Caused by: java.lang.ClassNotFoundException: com.seleniumsoftware.SMPPSim.SMPPSim not found in gnu.gcj.runtime.SystemClassLoader{urls=[file:./], parent=gnu.gcj.runtime.ExtensionClassLoader{urls=[], parent=null}}
   at java.net.URLClassLoader.findClass(libgcj.so.7rh)
   at gnu.gcj.runtime.SystemClassLoader.findClass(libgcj.so.7rh)
   at java.lang.ClassLoader.loadClass(libgcj.so.7rh)
   at java.lang.ClassLoader.loadClass(libgcj.so.7rh)
   at gnu.java.lang.MainThread.run(libgcj.so.7rh)
java.lang.NoClassDefFoundError: com.seleniumsoftware.SMPPSim.SMPPSim
   at gnu.java.lang.MainThread.run(libgcj.so.7rh)
Caused by: java.lang.ClassNotFoundException: com.seleniumsoftware.SMPPSim.SMPPSim not found in gnu.gcj.runtime.SystemClassLoader{urls=[file:./], parent=gnu.gcj.runtime.ExtensionClassLoader{urls=[], parent=null}}
   at java.net.URLClassLoader.findClass(libgcj.so.7rh)
   at gnu.gcj.runtime.SystemClassLoader.findClass(libgcj.so.7rh)
   at java.lang.ClassLoader.loadClass(libgcj.so.7rh)
   at java.lang.ClassLoader.loadClass(libgcj.so.7rh)
   at gnu.java.lang.MainThread.run(libgcj.so.7rh)
